<?xml version="1.0" encoding="UTF-8"?>
<testsuite xmlns:xsi="http://www.w3.org/2001/XMLSchema-instance" xsi:noNamespaceSchemaLocation="https://maven.apache.org/surefire/maven-surefire-plugin/xsd/surefire-test-report-3.0.xsd" version="3.0" name="ebay.runner.TestRunner" time="0.166" tests="0" errors="0" skipped="0" failures="0">
  <properties>
    <property name="java.specification.version" value="23"/>
    <property name="sun.jnu.encoding" value="UTF-8"/>
    <property name="java.class.path" value="/Users/rahulbalashanmugam/eclipse-workspace/Learning/OrderingPhone/target/test-classes:/Users/rahulbalashanmugam/eclipse-workspace/Learning/OrderingPhone/target/classes:/Users/rahulbalashanmugam/.m2/repository/org/seleniumhq/selenium/selenium-java/4.36.0/selenium-java-4.36.0.jar:/Users/rahulbalashanmugam/.m2/repository/org/seleniumhq/selenium/selenium-api/4.36.0/selenium-api-4.36.0.jar:/Users/rahulbalashanmugam/.m2/repository/org/jspecify/jspecify/1.0.0/jspecify-1.0.0.jar:/Users/rahulbalashanmugam/.m2/repository/org/seleniumhq/selenium/selenium-chrome-driver/4.36.0/selenium-chrome-driver-4.36.0.jar:/Users/rahulbalashanmugam/.m2/repository/com/google/auto/service/auto-service-annotations/1.1.1/auto-service-annotations-1.1.1.jar:/Users/rahulbalashanmugam/.m2/repository/org/seleniumhq/selenium/selenium-chromium-driver/4.36.0/selenium-chromium-driver-4.36.0.jar:/Users/rahulbalashanmugam/.m2/repository/org/seleniumhq/selenium/selenium-json/4.36.0/selenium-json-4.36.0.jar:/Users/rahulbalashanmugam/.m2/repository/org/seleniumhq/selenium/selenium-manager/4.36.0/selenium-manager-4.36.0.jar:/Users/rahulbalashanmugam/.m2/repository/org/seleniumhq/selenium/selenium-devtools-v138/4.36.0/selenium-devtools-v138-4.36.0.jar:/Users/rahulbalashanmugam/.m2/repository/org/seleniumhq/selenium/selenium-devtools-v139/4.36.0/selenium-devtools-v139-4.36.0.jar:/Users/rahulbalashanmugam/.m2/repository/org/seleniumhq/selenium/selenium-devtools-v140/4.36.0/selenium-devtools-v140-4.36.0.jar:/Users/rahulbalashanmugam/.m2/repository/org/seleniumhq/selenium/selenium-edge-driver/4.36.0/selenium-edge-driver-4.36.0.jar:/Users/rahulbalashanmugam/.m2/repository/org/seleniumhq/selenium/selenium-firefox-driver/4.36.0/selenium-firefox-driver-4.36.0.jar:/Users/rahulbalashanmugam/.m2/repository/org/seleniumhq/selenium/selenium-http/4.36.0/selenium-http-4.36.0.jar:/Users/rahulbalashanmugam/.m2/repository/org/seleniumhq/selenium/selenium-ie-driver/4.36.0/selenium-ie-driver-4.36.0.jar:/Users/rahulbalashanmugam/.m2/repository/org/seleniumhq/selenium/selenium-remote-driver/4.36.0/selenium-remote-driver-4.36.0.jar:/Users/rahulbalashanmugam/.m2/repository/com/google/guava/guava/33.5.0-jre/guava-33.5.0-jre.jar:/Users/rahulbalashanmugam/.m2/repository/com/google/guava/failureaccess/1.0.3/failureaccess-1.0.3.jar:/Users/rahulbalashanmugam/.m2/repository/com/google/guava/listenablefuture/9999.0-empty-to-avoid-conflict-with-guava/listenablefuture-9999.0-empty-to-avoid-conflict-with-guava.jar:/Users/rahulbalashanmugam/.m2/repository/com/google/j2objc/j2objc-annotations/3.1/j2objc-annotations-3.1.jar:/Users/rahulbalashanmugam/.m2/repository/io/opentelemetry/opentelemetry-api/1.54.0/opentelemetry-api-1.54.0.jar:/Users/rahulbalashanmugam/.m2/repository/io/opentelemetry/opentelemetry-context/1.54.0/opentelemetry-context-1.54.0.jar:/Users/rahulbalashanmugam/.m2/repository/io/opentelemetry/opentelemetry-common/1.54.0/opentelemetry-common-1.54.0.jar:/Users/rahulbalashanmugam/.m2/repository/io/opentelemetry/opentelemetry-exporter-logging/1.54.0/opentelemetry-exporter-logging-1.54.0.jar:/Users/rahulbalashanmugam/.m2/repository/io/opentelemetry/opentelemetry-sdk-common/1.54.0/opentelemetry-sdk-common-1.54.0.jar:/Users/rahulbalashanmugam/.m2/repository/io/opentelemetry/opentelemetry-sdk-extension-autoconfigure-spi/1.54.0/opentelemetry-sdk-extension-autoconfigure-spi-1.54.0.jar:/Users/rahulbalashanmugam/.m2/repository/io/opentelemetry/opentelemetry-sdk-extension-autoconfigure/1.54.0/opentelemetry-sdk-extension-autoconfigure-1.54.0.jar:/Users/rahulbalashanmugam/.m2/repository/io/opentelemetry/opentelemetry-sdk-trace/1.54.0/opentelemetry-sdk-trace-1.54.0.jar:/Users/rahulbalashanmugam/.m2/repository/io/opentelemetry/opentelemetry-sdk/1.54.0/opentelemetry-sdk-1.54.0.jar:/Users/rahulbalashanmugam/.m2/repository/io/opentelemetry/opentelemetry-sdk-metrics/1.54.0/opentelemetry-sdk-metrics-1.54.0.jar:/Users/rahulbalashanmugam/.m2/repository/io/opentelemetry/opentelemetry-sdk-logs/1.54.0/opentelemetry-sdk-logs-1.54.0.jar:/Users/rahulbalashanmugam/.m2/repository/net/bytebuddy/byte-buddy/1.17.7/byte-buddy-1.17.7.jar:/Users/rahulbalashanmugam/.m2/repository/org/seleniumhq/selenium/selenium-os/4.36.0/selenium-os-4.36.0.jar:/Users/rahulbalashanmugam/.m2/repository/org/apache/commons/commons-exec/1.5.0/commons-exec-1.5.0.jar:/Users/rahulbalashanmugam/.m2/repository/org/seleniumhq/selenium/selenium-safari-driver/4.36.0/selenium-safari-driver-4.36.0.jar:/Users/rahulbalashanmugam/.m2/repository/org/seleniumhq/selenium/selenium-support/4.36.0/selenium-support-4.36.0.jar:/Users/rahulbalashanmugam/.m2/repository/io/github/bonigarcia/webdrivermanager/6.2.0/webdrivermanager-6.2.0.jar:/Users/rahulbalashanmugam/.m2/repository/org/slf4j/slf4j-api/2.0.17/slf4j-api-2.0.17.jar:/Users/rahulbalashanmugam/.m2/repository/com/google/code/gson/gson/2.13.1/gson-2.13.1.jar:/Users/rahulbalashanmugam/.m2/repository/com/google/errorprone/error_prone_annotations/2.38.0/error_prone_annotations-2.38.0.jar:/Users/rahulbalashanmugam/.m2/repository/com/github/docker-java/docker-java/3.5.3/docker-java-3.5.3.jar:/Users/rahulbalashanmugam/.m2/repository/com/github/docker-java/docker-java-core/3.5.3/docker-java-core-3.5.3.jar:/Users/rahulbalashanmugam/.m2/repository/com/github/docker-java/docker-java-api/3.5.3/docker-java-api-3.5.3.jar:/Users/rahulbalashanmugam/.m2/repository/com/fasterxml/jackson/core/jackson-annotations/2.18.4/jackson-annotations-2.18.4.jar:/Users/rahulbalashanmugam/.m2/repository/com/fasterxml/jackson/core/jackson-databind/2.18.4/jackson-databind-2.18.4.jar:/Users/rahulbalashanmugam/.m2/repository/com/fasterxml/jackson/core/jackson-core/2.18.4/jackson-core-2.18.4.jar:/Users/rahulbalashanmugam/.m2/repository/org/slf4j/jcl-over-slf4j/1.7.30/jcl-over-slf4j-1.7.30.jar:/Users/rahulbalashanmugam/.m2/repository/com/github/docker-java/docker-java-transport-httpclient5/3.5.3/docker-java-transport-httpclient5-3.5.3.jar:/Users/rahulbalashanmugam/.m2/repository/com/github/docker-java/docker-java-transport/3.5.3/docker-java-transport-3.5.3.jar:/Users/rahulbalashanmugam/.m2/repository/net/java/dev/jna/jna/5.17.0/jna-5.17.0.jar:/Users/rahulbalashanmugam/.m2/repository/org/brotli/dec/0.1.2/dec-0.1.2.jar:/Users/rahulbalashanmugam/.m2/repository/org/apache/commons/commons-lang3/3.18.0/commons-lang3-3.18.0.jar:/Users/rahulbalashanmugam/.m2/repository/org/apache/commons/commons-compress/1.27.1/commons-compress-1.27.1.jar:/Users/rahulbalashanmugam/.m2/repository/commons-codec/commons-codec/1.17.1/commons-codec-1.17.1.jar:/Users/rahulbalashanmugam/.m2/repository/commons-io/commons-io/2.16.1/commons-io-2.16.1.jar:/Users/rahulbalashanmugam/.m2/repository/org/apache/httpcomponents/client5/httpclient5/5.4.3/httpclient5-5.4.3.jar:/Users/rahulbalashanmugam/.m2/repository/org/apache/httpcomponents/core5/httpcore5/5.3.4/httpcore5-5.3.4.jar:/Users/rahulbalashanmugam/.m2/repository/org/apache/httpcomponents/core5/httpcore5-h2/5.3.4/httpcore5-h2-5.3.4.jar:/Users/rahulbalashanmugam/.m2/repository/net/java/dev/jna/jna-platform/5.17.0/jna-platform-5.17.0.jar:/Users/rahulbalashanmugam/.m2/repository/org/testng/testng/7.11.0/testng-7.11.0.jar:/Users/rahulbalashanmugam/.m2/repository/org/jcommander/jcommander/1.83/jcommander-1.83.jar:/Users/rahulbalashanmugam/.m2/repository/org/webjars/jquery/3.7.1/jquery-3.7.1.jar:/Users/rahulbalashanmugam/.m2/repository/com/aventstack/extentreports/5.1.2/extentreports-5.1.2.jar:/Users/rahulbalashanmugam/.m2/repository/io/reactivex/rxjava3/rxjava/3.1.6/rxjava-3.1.6.jar:/Users/rahulbalashanmugam/.m2/repository/org/reactivestreams/reactive-streams/1.0.4/reactive-streams-1.0.4.jar:/Users/rahulbalashanmugam/.m2/repository/org/freemarker/freemarker/2.3.32/freemarker-2.3.32.jar:/Users/rahulbalashanmugam/.m2/repository/org/projectlombok/lombok/1.18.26/lombok-1.18.26.jar:/Users/rahulbalashanmugam/.m2/repository/io/cucumber/cucumber-java/7.29.0/cucumber-java-7.29.0.jar:/Users/rahulbalashanmugam/.m2/repository/io/cucumber/cucumber-core/7.29.0/cucumber-core-7.29.0.jar:/Users/rahulbalashanmugam/.m2/repository/io/cucumber/cucumber-gherkin/7.29.0/cucumber-gherkin-7.29.0.jar:/Users/rahulbalashanmugam/.m2/repository/io/cucumber/cucumber-gherkin-messages/7.29.0/cucumber-gherkin-messages-7.29.0.jar:/Users/rahulbalashanmugam/.m2/repository/io/cucumber/gherkin/35.1.0/gherkin-35.1.0.jar:/Users/rahulbalashanmugam/.m2/repository/org/assertj/assertj-core/3.27.5/assertj-core-3.27.5.jar:/Users/rahulbalashanmugam/.m2/repository/io/cucumber/messages/29.0.1/messages-29.0.1.jar:/Users/rahulbalashanmugam/.m2/repository/io/cucumber/pretty-formatter/2.3.0/pretty-formatter-2.3.0.jar:/Users/rahulbalashanmugam/.m2/repository/io/cucumber/query/14.5.0/query-14.5.0.jar:/Users/rahulbalashanmugam/.m2/repository/io/cucumber/teamcity-formatter/0.1.1/teamcity-formatter-0.1.1.jar:/Users/rahulbalashanmugam/.m2/repository/io/cucumber/testng-xml-formatter/0.6.0/testng-xml-formatter-0.6.0.jar:/Users/rahulbalashanmugam/.m2/repository/io/cucumber/tag-expressions/6.1.2/tag-expressions-6.1.2.jar:/Users/rahulbalashanmugam/.m2/repository/io/cucumber/cucumber-expressions/18.0.1/cucumber-expressions-18.0.1.jar:/Users/rahulbalashanmugam/.m2/repository/io/cucumber/cucumber-json-formatter/0.2.1/cucumber-json-formatter-0.2.1.jar:/Users/rahulbalashanmugam/.m2/repository/io/cucumber/datatable/7.29.0/datatable-7.29.0.jar:/Users/rahulbalashanmugam/.m2/repository/io/cucumber/cucumber-plugin/7.29.0/cucumber-plugin-7.29.0.jar:/Users/rahulbalashanmugam/.m2/repository/io/cucumber/docstring/7.29.0/docstring-7.29.0.jar:/Users/rahulbalashanmugam/.m2/repository/io/cucumber/html-formatter/21.15.1/html-formatter-21.15.1.jar:/Users/rahulbalashanmugam/.m2/repository/io/cucumber/junit-xml-formatter/0.9.0/junit-xml-formatter-0.9.0.jar:/Users/rahulbalashanmugam/.m2/repository/io/cucumber/ci-environment/10.0.1/ci-environment-10.0.1.jar:/Users/rahulbalashanmugam/.m2/repository/org/apiguardian/apiguardian-api/1.1.2/apiguardian-api-1.1.2.jar:/Users/rahulbalashanmugam/.m2/repository/io/cucumber/cucumber-junit/7.28.2/cucumber-junit-7.28.2.jar:/Users/rahulbalashanmugam/.m2/repository/junit/junit/4.13.2/junit-4.13.2.jar:/Users/rahulbalashanmugam/.m2/repository/org/hamcrest/hamcrest-core/1.3/hamcrest-core-1.3.jar:"/>
    <property name="java.vm.vendor" value="Homebrew"/>
    <property name="sun.arch.data.model" value="64"/>
    <property name="java.vendor.url" value="https://github.com/Homebrew/homebrew-core/issues"/>
    <property name="user.timezone" value="Europe/London"/>
    <property name="os.name" value="Mac OS X"/>
    <property name="java.vm.specification.version" value="23"/>
    <property name="sun.java.launcher" value="SUN_STANDARD"/>
    <property name="user.country" value="GB"/>
    <property name="sun.boot.library.path" value="/opt/homebrew/Cellar/openjdk/23.0.2/libexec/openjdk.jdk/Contents/Home/lib"/>
    <property name="sun.java.command" value="/Users/rahulbalashanmugam/eclipse-workspace/Learning/OrderingPhone/target/surefire/surefirebooter-20251020140752088_3.jar /Users/rahulbalashanmugam/eclipse-workspace/Learning/OrderingPhone/target/surefire 2025-10-20T14-07-52_057-jvmRun1 surefire-20251020140752088_1tmp surefire_0-20251020140752088_2tmp"/>
    <property name="http.nonProxyHosts" value="local|*.local|169.254/16|*.169.254/16"/>
    <property name="jdk.debug" value="release"/>
    <property name="surefire.test.class.path" value="/Users/rahulbalashanmugam/eclipse-workspace/Learning/OrderingPhone/target/test-classes:/Users/rahulbalashanmugam/eclipse-workspace/Learning/OrderingPhone/target/classes:/Users/rahulbalashanmugam/.m2/repository/org/seleniumhq/selenium/selenium-java/4.36.0/selenium-java-4.36.0.jar:/Users/rahulbalashanmugam/.m2/repository/org/seleniumhq/selenium/selenium-api/4.36.0/selenium-api-4.36.0.jar:/Users/rahulbalashanmugam/.m2/repository/org/jspecify/jspecify/1.0.0/jspecify-1.0.0.jar:/Users/rahulbalashanmugam/.m2/repository/org/seleniumhq/selenium/selenium-chrome-driver/4.36.0/selenium-chrome-driver-4.36.0.jar:/Users/rahulbalashanmugam/.m2/repository/com/google/auto/service/auto-service-annotations/1.1.1/auto-service-annotations-1.1.1.jar:/Users/rahulbalashanmugam/.m2/repository/org/seleniumhq/selenium/selenium-chromium-driver/4.36.0/selenium-chromium-driver-4.36.0.jar:/Users/rahulbalashanmugam/.m2/repository/org/seleniumhq/selenium/selenium-json/4.36.0/selenium-json-4.36.0.jar:/Users/rahulbalashanmugam/.m2/repository/org/seleniumhq/selenium/selenium-manager/4.36.0/selenium-manager-4.36.0.jar:/Users/rahulbalashanmugam/.m2/repository/org/seleniumhq/selenium/selenium-devtools-v138/4.36.0/selenium-devtools-v138-4.36.0.jar:/Users/rahulbalashanmugam/.m2/repository/org/seleniumhq/selenium/selenium-devtools-v139/4.36.0/selenium-devtools-v139-4.36.0.jar:/Users/rahulbalashanmugam/.m2/repository/org/seleniumhq/selenium/selenium-devtools-v140/4.36.0/selenium-devtools-v140-4.36.0.jar:/Users/rahulbalashanmugam/.m2/repository/org/seleniumhq/selenium/selenium-edge-driver/4.36.0/selenium-edge-driver-4.36.0.jar:/Users/rahulbalashanmugam/.m2/repository/org/seleniumhq/selenium/selenium-firefox-driver/4.36.0/selenium-firefox-driver-4.36.0.jar:/Users/rahulbalashanmugam/.m2/repository/org/seleniumhq/selenium/selenium-http/4.36.0/selenium-http-4.36.0.jar:/Users/rahulbalashanmugam/.m2/repository/org/seleniumhq/selenium/selenium-ie-driver/4.36.0/selenium-ie-driver-4.36.0.jar:/Users/rahulbalashanmugam/.m2/repository/org/seleniumhq/selenium/selenium-remote-driver/4.36.0/selenium-remote-driver-4.36.0.jar:/Users/rahulbalashanmugam/.m2/repository/com/google/guava/guava/33.5.0-jre/guava-33.5.0-jre.jar:/Users/rahulbalashanmugam/.m2/repository/com/google/guava/failureaccess/1.0.3/failureaccess-1.0.3.jar:/Users/rahulbalashanmugam/.m2/repository/com/google/guava/listenablefuture/9999.0-empty-to-avoid-conflict-with-guava/listenablefuture-9999.0-empty-to-avoid-conflict-with-guava.jar:/Users/rahulbalashanmugam/.m2/repository/com/google/j2objc/j2objc-annotations/3.1/j2objc-annotations-3.1.jar:/Users/rahulbalashanmugam/.m2/repository/io/opentelemetry/opentelemetry-api/1.54.0/opentelemetry-api-1.54.0.jar:/Users/rahulbalashanmugam/.m2/repository/io/opentelemetry/opentelemetry-context/1.54.0/opentelemetry-context-1.54.0.jar:/Users/rahulbalashanmugam/.m2/repository/io/opentelemetry/opentelemetry-common/1.54.0/opentelemetry-common-1.54.0.jar:/Users/rahulbalashanmugam/.m2/repository/io/opentelemetry/opentelemetry-exporter-logging/1.54.0/opentelemetry-exporter-logging-1.54.0.jar:/Users/rahulbalashanmugam/.m2/repository/io/opentelemetry/opentelemetry-sdk-common/1.54.0/opentelemetry-sdk-common-1.54.0.jar:/Users/rahulbalashanmugam/.m2/repository/io/opentelemetry/opentelemetry-sdk-extension-autoconfigure-spi/1.54.0/opentelemetry-sdk-extension-autoconfigure-spi-1.54.0.jar:/Users/rahulbalashanmugam/.m2/repository/io/opentelemetry/opentelemetry-sdk-extension-autoconfigure/1.54.0/opentelemetry-sdk-extension-autoconfigure-1.54.0.jar:/Users/rahulbalashanmugam/.m2/repository/io/opentelemetry/opentelemetry-sdk-trace/1.54.0/opentelemetry-sdk-trace-1.54.0.jar:/Users/rahulbalashanmugam/.m2/repository/io/opentelemetry/opentelemetry-sdk/1.54.0/opentelemetry-sdk-1.54.0.jar:/Users/rahulbalashanmugam/.m2/repository/io/opentelemetry/opentelemetry-sdk-metrics/1.54.0/opentelemetry-sdk-metrics-1.54.0.jar:/Users/rahulbalashanmugam/.m2/repository/io/opentelemetry/opentelemetry-sdk-logs/1.54.0/opentelemetry-sdk-logs-1.54.0.jar:/Users/rahulbalashanmugam/.m2/repository/net/bytebuddy/byte-buddy/1.17.7/byte-buddy-1.17.7.jar:/Users/rahulbalashanmugam/.m2/repository/org/seleniumhq/selenium/selenium-os/4.36.0/selenium-os-4.36.0.jar:/Users/rahulbalashanmugam/.m2/repository/org/apache/commons/commons-exec/1.5.0/commons-exec-1.5.0.jar:/Users/rahulbalashanmugam/.m2/repository/org/seleniumhq/selenium/selenium-safari-driver/4.36.0/selenium-safari-driver-4.36.0.jar:/Users/rahulbalashanmugam/.m2/repository/org/seleniumhq/selenium/selenium-support/4.36.0/selenium-support-4.36.0.jar:/Users/rahulbalashanmugam/.m2/repository/io/github/bonigarcia/webdrivermanager/6.2.0/webdrivermanager-6.2.0.jar:/Users/rahulbalashanmugam/.m2/repository/org/slf4j/slf4j-api/2.0.17/slf4j-api-2.0.17.jar:/Users/rahulbalashanmugam/.m2/repository/com/google/code/gson/gson/2.13.1/gson-2.13.1.jar:/Users/rahulbalashanmugam/.m2/repository/com/google/errorprone/error_prone_annotations/2.38.0/error_prone_annotations-2.38.0.jar:/Users/rahulbalashanmugam/.m2/repository/com/github/docker-java/docker-java/3.5.3/docker-java-3.5.3.jar:/Users/rahulbalashanmugam/.m2/repository/com/github/docker-java/docker-java-core/3.5.3/docker-java-core-3.5.3.jar:/Users/rahulbalashanmugam/.m2/repository/com/github/docker-java/docker-java-api/3.5.3/docker-java-api-3.5.3.jar:/Users/rahulbalashanmugam/.m2/repository/com/fasterxml/jackson/core/jackson-annotations/2.18.4/jackson-annotations-2.18.4.jar:/Users/rahulbalashanmugam/.m2/repository/com/fasterxml/jackson/core/jackson-databind/2.18.4/jackson-databind-2.18.4.jar:/Users/rahulbalashanmugam/.m2/repository/com/fasterxml/jackson/core/jackson-core/2.18.4/jackson-core-2.18.4.jar:/Users/rahulbalashanmugam/.m2/repository/org/slf4j/jcl-over-slf4j/1.7.30/jcl-over-slf4j-1.7.30.jar:/Users/rahulbalashanmugam/.m2/repository/com/github/docker-java/docker-java-transport-httpclient5/3.5.3/docker-java-transport-httpclient5-3.5.3.jar:/Users/rahulbalashanmugam/.m2/repository/com/github/docker-java/docker-java-transport/3.5.3/docker-java-transport-3.5.3.jar:/Users/rahulbalashanmugam/.m2/repository/net/java/dev/jna/jna/5.17.0/jna-5.17.0.jar:/Users/rahulbalashanmugam/.m2/repository/org/brotli/dec/0.1.2/dec-0.1.2.jar:/Users/rahulbalashanmugam/.m2/repository/org/apache/commons/commons-lang3/3.18.0/commons-lang3-3.18.0.jar:/Users/rahulbalashanmugam/.m2/repository/org/apache/commons/commons-compress/1.27.1/commons-compress-1.27.1.jar:/Users/rahulbalashanmugam/.m2/repository/commons-codec/commons-codec/1.17.1/commons-codec-1.17.1.jar:/Users/rahulbalashanmugam/.m2/repository/commons-io/commons-io/2.16.1/commons-io-2.16.1.jar:/Users/rahulbalashanmugam/.m2/repository/org/apache/httpcomponents/client5/httpclient5/5.4.3/httpclient5-5.4.3.jar:/Users/rahulbalashanmugam/.m2/repository/org/apache/httpcomponents/core5/httpcore5/5.3.4/httpcore5-5.3.4.jar:/Users/rahulbalashanmugam/.m2/repository/org/apache/httpcomponents/core5/httpcore5-h2/5.3.4/httpcore5-h2-5.3.4.jar:/Users/rahulbalashanmugam/.m2/repository/net/java/dev/jna/jna-platform/5.17.0/jna-platform-5.17.0.jar:/Users/rahulbalashanmugam/.m2/repository/org/testng/testng/7.11.0/testng-7.11.0.jar:/Users/rahulbalashanmugam/.m2/repository/org/jcommander/jcommander/1.83/jcommander-1.83.jar:/Users/rahulbalashanmugam/.m2/repository/org/webjars/jquery/3.7.1/jquery-3.7.1.jar:/Users/rahulbalashanmugam/.m2/repository/com/aventstack/extentreports/5.1.2/extentreports-5.1.2.jar:/Users/rahulbalashanmugam/.m2/repository/io/reactivex/rxjava3/rxjava/3.1.6/rxjava-3.1.6.jar:/Users/rahulbalashanmugam/.m2/repository/org/reactivestreams/reactive-streams/1.0.4/reactive-streams-1.0.4.jar:/Users/rahulbalashanmugam/.m2/repository/org/freemarker/freemarker/2.3.32/freemarker-2.3.32.jar:/Users/rahulbalashanmugam/.m2/repository/org/projectlombok/lombok/1.18.26/lombok-1.18.26.jar:/Users/rahulbalashanmugam/.m2/repository/io/cucumber/cucumber-java/7.29.0/cucumber-java-7.29.0.jar:/Users/rahulbalashanmugam/.m2/repository/io/cucumber/cucumber-core/7.29.0/cucumber-core-7.29.0.jar:/Users/rahulbalashanmugam/.m2/repository/io/cucumber/cucumber-gherkin/7.29.0/cucumber-gherkin-7.29.0.jar:/Users/rahulbalashanmugam/.m2/repository/io/cucumber/cucumber-gherkin-messages/7.29.0/cucumber-gherkin-messages-7.29.0.jar:/Users/rahulbalashanmugam/.m2/repository/io/cucumber/gherkin/35.1.0/gherkin-35.1.0.jar:/Users/rahulbalashanmugam/.m2/repository/org/assertj/assertj-core/3.27.5/assertj-core-3.27.5.jar:/Users/rahulbalashanmugam/.m2/repository/io/cucumber/messages/29.0.1/messages-29.0.1.jar:/Users/rahulbalashanmugam/.m2/repository/io/cucumber/pretty-formatter/2.3.0/pretty-formatter-2.3.0.jar:/Users/rahulbalashanmugam/.m2/repository/io/cucumber/query/14.5.0/query-14.5.0.jar:/Users/rahulbalashanmugam/.m2/repository/io/cucumber/teamcity-formatter/0.1.1/teamcity-formatter-0.1.1.jar:/Users/rahulbalashanmugam/.m2/repository/io/cucumber/testng-xml-formatter/0.6.0/testng-xml-formatter-0.6.0.jar:/Users/rahulbalashanmugam/.m2/repository/io/cucumber/tag-expressions/6.1.2/tag-expressions-6.1.2.jar:/Users/rahulbalashanmugam/.m2/repository/io/cucumber/cucumber-expressions/18.0.1/cucumber-expressions-18.0.1.jar:/Users/rahulbalashanmugam/.m2/repository/io/cucumber/cucumber-json-formatter/0.2.1/cucumber-json-formatter-0.2.1.jar:/Users/rahulbalashanmugam/.m2/repository/io/cucumber/datatable/7.29.0/datatable-7.29.0.jar:/Users/rahulbalashanmugam/.m2/repository/io/cucumber/cucumber-plugin/7.29.0/cucumber-plugin-7.29.0.jar:/Users/rahulbalashanmugam/.m2/repository/io/cucumber/docstring/7.29.0/docstring-7.29.0.jar:/Users/rahulbalashanmugam/.m2/repository/io/cucumber/html-formatter/21.15.1/html-formatter-21.15.1.jar:/Users/rahulbalashanmugam/.m2/repository/io/cucumber/junit-xml-formatter/0.9.0/junit-xml-formatter-0.9.0.jar:/Users/rahulbalashanmugam/.m2/repository/io/cucumber/ci-environment/10.0.1/ci-environment-10.0.1.jar:/Users/rahulbalashanmugam/.m2/repository/org/apiguardian/apiguardian-api/1.1.2/apiguardian-api-1.1.2.jar:/Users/rahulbalashanmugam/.m2/repository/io/cucumber/cucumber-junit/7.28.2/cucumber-junit-7.28.2.jar:/Users/rahulbalashanmugam/.m2/repository/junit/junit/4.13.2/junit-4.13.2.jar:/Users/rahulbalashanmugam/.m2/repository/org/hamcrest/hamcrest-core/1.3/hamcrest-core-1.3.jar:"/>
    <property name="sun.cpu.endian" value="little"/>
    <property name="user.home" value="/Users/rahulbalashanmugam"/>
    <property name="user.language" value="en"/>
    <property name="java.specification.vendor" value="Oracle Corporation"/>
    <property name="java.version.date" value="2025-01-21"/>
    <property name="java.home" value="/opt/homebrew/Cellar/openjdk/23.0.2/libexec/openjdk.jdk/Contents/Home"/>
    <property name="file.separator" value="/"/>
    <property name="basedir" value="/Users/rahulbalashanmugam/eclipse-workspace/Learning/OrderingPhone"/>
    <property name="java.vm.compressedOopsMode" value="Zero based"/>
    <property name="line.separator" value="&#10;"/>
    <property name="java.vm.specification.vendor" value="Oracle Corporation"/>
    <property name="java.specification.name" value="Java Platform API Specification"/>
    <property name="apple.awt.application.name" value="ForkedBooter"/>
    <property name="surefire.real.class.path" value="/Users/rahulbalashanmugam/eclipse-workspace/Learning/OrderingPhone/target/surefire/surefirebooter-20251020140752088_3.jar"/>
    <property name="sun.management.compiler" value="HotSpot 64-Bit Tiered Compilers"/>
    <property name="ftp.nonProxyHosts" value="local|*.local|169.254/16|*.169.254/16"/>
    <property name="java.runtime.version" value="23.0.2"/>
    <property name="user.name" value="rahulbalashanmugam"/>
    <property name="stdout.encoding" value="UTF-8"/>
    <property name="path.separator" value=":"/>
    <property name="os.version" value="26.0.1"/>
    <property name="java.runtime.name" value="OpenJDK Runtime Environment"/>
    <property name="file.encoding" value="UTF-8"/>
    <property name="java.vm.name" value="OpenJDK 64-Bit Server VM"/>
    <property name="java.vendor.version" value="Homebrew"/>
    <property name="localRepository" value="/Users/rahulbalashanmugam/.m2/repository"/>
    <property name="java.vendor.url.bug" value="https://github.com/Homebrew/homebrew-core/issues"/>
    <property name="java.io.tmpdir" value="/var/folders/fq/g0kvv0p944xcqj4qh8xq70840000gn/T/"/>
    <property name="java.version" value="23.0.2"/>
    <property name="user.dir" value="/Users/rahulbalashanmugam/eclipse-workspace/Learning/OrderingPhone"/>
    <property name="os.arch" value="aarch64"/>
    <property name="java.vm.specification.name" value="Java Virtual Machine Specification"/>
    <property name="native.encoding" value="UTF-8"/>
    <property name="java.library.path" value="/Users/rahulbalashanmugam/Library/Java/Extensions:/Library/Java/Extensions:/Network/Library/Java/Extensions:/System/Library/Java/Extensions:/usr/lib/java:."/>
    <property name="java.vm.info" value="mixed mode, sharing"/>
    <property name="stderr.encoding" value="UTF-8"/>
    <property name="java.vendor" value="Homebrew"/>
    <property name="java.vm.version" value="23.0.2"/>
    <property name="sun.io.unicode.encoding" value="UnicodeBig"/>
    <property name="socksNonProxyHosts" value="local|*.local|169.254/16|*.169.254/16"/>
    <property name="java.class.version" value="67.0"/>
  </properties>
</testsuite>